<?xml version="1.0" encoding="UTF-8"?>
<testsuite name="Project.SangCom.SangComApplicationTests" tests="1" skipped="0" failures="0" errors="0" timestamp="2022-12-06T07:05:26" hostname="HEY-2.local" time="0.103">
  <properties/>
  <testcase name="contextLoads()" classname="Project.SangCom.SangComApplicationTests" time="0.103"/>
  <system-out><![CDATA[16:05:24.892 [Test worker] DEBUG org.springframework.boot.test.context.SpringBootTestContextBootstrapper - Neither @ContextConfiguration nor @ContextHierarchy found for test class [SangComApplicationTests]: using SpringBootContextLoader
16:05:24.894 [Test worker] DEBUG org.springframework.test.context.support.AbstractContextLoader - Could not detect default resource locations for test class [Project.SangCom.SangComApplicationTests]: no resource found for suffixes {-context.xml, Context.groovy}.
16:05:24.894 [Test worker] INFO org.springframework.test.context.support.AnnotationConfigContextLoaderUtils - Could not detect default configuration classes for test class [Project.SangCom.SangComApplicationTests]: SangComApplicationTests does not declare any static, non-private, non-final, nested classes annotated with @Configuration.
16:05:24.903 [Test worker] DEBUG org.springframework.boot.test.context.SpringBootTestContextBootstrapper - Using ContextCustomizers for test class [SangComApplicationTests]: [DisableObservabilityContextCustomizer, PropertyMappingContextCustomizer, Customizer, ExcludeFilterContextCustomizer, DuplicateJsonObjectContextCustomizer, MockitoContextCustomizer, TestRestTemplateContextCustomizer]
16:05:24.926 [Test worker] DEBUG org.springframework.context.annotation.ClassPathScanningCandidateComponentProvider - Identified candidate component class: file [/Users/seonghuiyeon/IdeaProjects/Sangcom2023/build/classes/java/main/Project/SangCom/SangComApplication.class]
16:05:24.926 [Test worker] INFO org.springframework.boot.test.context.SpringBootTestContextBootstrapper - Found @SpringBootConfiguration Project.SangCom.SangComApplication for test class Project.SangCom.SangComApplicationTests
16:05:24.958 [Test worker] DEBUG org.springframework.boot.test.context.SpringBootTestContextBootstrapper - Using TestExecutionListeners for test class [SangComApplicationTests]: [ServletTestExecutionListener, DirtiesContextBeforeModesTestExecutionListener, ApplicationEventsTestExecutionListener, MockitoTestExecutionListener, DependencyInjectionTestExecutionListener, DirtiesContextTestExecutionListener, TransactionalTestExecutionListener, SqlScriptsTestExecutionListener, EventPublishingTestExecutionListener, RestDocsTestExecutionListener, MockRestServiceServerResetTestExecutionListener, MockMvcPrintOnlyOnFailureTestExecutionListener, WebDriverTestExecutionListener, MockWebServiceServerTestExecutionListener, ResetMocksTestExecutionListener]
16:05:24.959 [Test worker] DEBUG org.springframework.test.context.support.AbstractDirtiesContextTestExecutionListener - Before test class: class [SangComApplicationTests], class annotated with @DirtiesContext [false] with mode [null]

  .   ____          _            __ _ _
 /\\ / ___'_ __ _ _(_)_ __  __ _ \ \ \ \
( ( )\___ | '_ | '_| | '_ \/ _` | \ \ \ \
 \\/  ___)| |_)| | | | | || (_| |  ) ) ) )
  '  |____| .__|_| |_|_| |_\__, | / / / /
 =========|_|==============|___/=/_/_/_/
 :: Spring Boot ::                (v3.0.0)

2022-12-06T16:05:25.055+09:00  INFO 5210 --- [    Test worker] P.SangCom.SangComApplicationTests        : Starting SangComApplicationTests using Java 19 with PID 5210 (started by seonghuiyeon in /Users/seonghuiyeon/IdeaProjects/Sangcom2023)
2022-12-06T16:05:25.055+09:00  INFO 5210 --- [    Test worker] P.SangCom.SangComApplicationTests        : No active profile set, falling back to 1 default profile: "default"
2022-12-06T16:05:25.268+09:00  INFO 5210 --- [    Test worker] .s.d.r.c.RepositoryConfigurationDelegate : Bootstrapping Spring Data JPA repositories in DEFAULT mode.
2022-12-06T16:05:25.275+09:00  INFO 5210 --- [    Test worker] .s.d.r.c.RepositoryConfigurationDelegate : Finished Spring Data repository scanning in 4 ms. Found 0 JPA repository interfaces.
2022-12-06T16:05:25.430+09:00  INFO 5210 --- [    Test worker] o.hibernate.jpa.internal.util.LogHelper  : HHH000204: Processing PersistenceUnitInfo [name: default]
2022-12-06T16:05:25.445+09:00  INFO 5210 --- [    Test worker] org.hibernate.Version                    : HHH000412: Hibernate ORM core version 6.1.5.Final
2022-12-06T16:05:25.501+09:00  WARN 5210 --- [    Test worker] org.hibernate.orm.deprecation            : HHH90000021: Encountered deprecated setting [javax.persistence.sharedCache.mode], use [jakarta.persistence.sharedCache.mode] instead
2022-12-06T16:05:25.538+09:00  INFO 5210 --- [    Test worker] com.zaxxer.hikari.HikariDataSource       : HikariPool-1 - Starting...
2022-12-06T16:05:25.697+09:00  INFO 5210 --- [    Test worker] com.zaxxer.hikari.pool.HikariPool        : HikariPool-1 - Added connection com.mysql.cj.jdbc.ConnectionImpl@388f1258
2022-12-06T16:05:25.698+09:00  INFO 5210 --- [    Test worker] com.zaxxer.hikari.HikariDataSource       : HikariPool-1 - Start completed.
2022-12-06T16:05:25.723+09:00  INFO 5210 --- [    Test worker] SQL dialect                              : HHH000400: Using dialect: org.hibernate.dialect.MySQLDialect
2022-12-06T16:05:25.823+09:00  INFO 5210 --- [    Test worker] o.h.e.t.j.p.i.JtaPlatformInitiator       : HHH000490: Using JtaPlatform implementation: [org.hibernate.engine.transaction.jta.platform.internal.NoJtaPlatform]
2022-12-06T16:05:25.826+09:00  INFO 5210 --- [    Test worker] j.LocalContainerEntityManagerFactoryBean : Initialized JPA EntityManagerFactory for persistence unit 'default'
2022-12-06T16:05:25.897+09:00  WARN 5210 --- [    Test worker] JpaBaseConfiguration$JpaWebConfiguration : spring.jpa.open-in-view is enabled by default. Therefore, database queries may be performed during view rendering. Explicitly configure spring.jpa.open-in-view to disable this warning
2022-12-06T16:05:25.968+09:00  INFO 5210 --- [    Test worker] o.s.b.a.w.s.WelcomePageHandlerMapping    : Adding welcome page: class path resource [static/index.html]
2022-12-06T16:05:26.041+09:00  INFO 5210 --- [    Test worker] P.SangCom.SangComApplicationTests        : Started SangComApplicationTests in 1.067 seconds (process running for 1.452)
]]></system-out>
  <system-err><![CDATA[]]></system-err>
</testsuite>
